<?xml version="1.0" encoding="utf-8"?><testsuites name="pytest tests"><testsuite name="pytest" errors="0" failures="0" skipped="0" tests="17" time="2.582" timestamp="2026-04-13T10:01:04.198840+00:00" hostname="agent-env-62c0834c-8a8a-4b80-90fc-ba99dd3793ef"><testcase classname="tests.test_auth_and_core_apis.TestAuthentication" name="test_principal_login_success" time="0.409" /><testcase classname="tests.test_auth_and_core_apis.TestAuthentication" name="test_login_invalid_credentials" time="0.273" /><testcase classname="tests.test_auth_and_core_apis.TestAuthentication" name="test_login_nonexistent_user" time="0.045" /><testcase classname="tests.test_auth_and_core_apis.TestAuthentication" name="test_teacher_registration" time="0.269" /><testcase classname="tests.test_auth_and_core_apis.TestAuthentication" name="test_get_current_user" time="0.318" /><testcase classname="tests.test_auth_and_core_apis.TestAuthentication" name="test_unauthorized_access" time="0.046" /><testcase classname="tests.test_auth_and_core_apis.TestDashboard" name="test_dashboard_stats" time="0.051" /><testcase classname="tests.test_auth_and_core_apis.TestClasses" name="test_get_classes_list" time="0.058" /><testcase classname="tests.test_auth_and_core_apis.TestClasses" name="test_get_class_detail" time="0.110" /><testcase classname="tests.test_auth_and_core_apis.TestClasses" name="test_get_nonexistent_class" time="0.048" /><testcase classname="tests.test_auth_and_core_apis.TestTeachers" name="test_get_all_teachers" time="0.047" /><testcase classname="tests.test_auth_and_core_apis.TestTeachers" name="test_get_pending_teachers" time="0.046" /><testcase classname="tests.test_auth_and_core_apis.TestTeachers" name="test_create_teacher_by_principal" time="0.316" /><testcase classname="tests.test_auth_and_core_apis.TestStudents" name="test_create_student_and_verify" time="0.199" /><testcase classname="tests.test_auth_and_core_apis.TestStudents" name="test_get_students_by_section" time="0.151" /><testcase classname="tests.test_auth_and_core_apis.TestChat" name="test_get_chat_groups" time="0.049" /><testcase classname="tests.test_auth_and_core_apis.TestChat" name="test_create_chat_group" time="0.096" /></testsuite></testsuites>